{"C:\\Users\\Alexander\\Documents\\Portfolio\\MEDIEINSTITUTET\\TESTNING\\week1\\testning-inlamning1\\src\\ts\\functions.ts": {"path":"C:\\Users\\Alexander\\Documents\\Portfolio\\MEDIEINSTITUTET\\TESTNING\\week1\\testning-inlamning1\\src\\ts\\functions.ts","statementMap":{"0":{"start":{"line":2,"column":0},"end":{"line":2,"column":37}},"1":{"start":{"line":5,"column":2},"end":{"line":11,"column":null}},"2":{"start":{"line":6,"column":18},"end":{"line":6,"column":43}},"3":{"start":{"line":7,"column":4},"end":{"line":7,"column":24}},"4":{"start":{"line":8,"column":4},"end":{"line":8,"column":40}},"5":{"start":{"line":10,"column":4},"end":{"line":10,"column":74}},"6":{"start":{"line":4,"column":0},"end":{"line":4,"column":16}},"7":{"start":{"line":15,"column":2},"end":{"line":15,"column":25}},"8":{"start":{"line":14,"column":0},"end":{"line":14,"column":16}},"9":{"start":{"line":19,"column":2},"end":{"line":19,"column":32}},"10":{"start":{"line":18,"column":0},"end":{"line":18,"column":16}}},"fnMap":{"0":{"name":"addTodo","decl":{"start":{"line":4,"column":16},"end":{"line":4,"column":23}},"loc":{"start":{"line":4,"column":55},"end":{"line":12,"column":1}}},"1":{"name":"changeTodo","decl":{"start":{"line":14,"column":16},"end":{"line":14,"column":26}},"loc":{"start":{"line":14,"column":37},"end":{"line":16,"column":1}}},"2":{"name":"removeAllTodos","decl":{"start":{"line":18,"column":16},"end":{"line":18,"column":30}},"loc":{"start":{"line":18,"column":44},"end":{"line":20,"column":1}}}},"branchMap":{"0":{"loc":{"start":{"line":5,"column":2},"end":{"line":11,"column":null}},"type":"if","locations":[{"start":{"line":5,"column":2},"end":{"line":11,"column":null}},{"start":{"line":9,"column":9},"end":{"line":11,"column":null}}]}},"s":{"0":1,"1":2,"2":1,"3":1,"4":1,"5":1,"6":1,"7":8,"8":1,"9":3,"10":1},"f":{"0":2,"1":8,"2":3},"b":{"0":[1,1]}}
,"C:\\Users\\Alexander\\Documents\\Portfolio\\MEDIEINSTITUTET\\TESTNING\\week1\\testning-inlamning1\\src\\ts\\main.ts": {"path":"C:\\Users\\Alexander\\Documents\\Portfolio\\MEDIEINSTITUTET\\TESTNING\\week1\\testning-inlamning1\\src\\ts\\main.ts","statementMap":{"0":{"start":{"line":1,"column":0},"end":{"line":1,"column":66}},"1":{"start":{"line":4,"column":20},"end":{"line":4,"column":69}},"2":{"start":{"line":6,"column":0},"end":{"line":8,"column":3}},"3":{"start":{"line":7,"column":2},"end":{"line":7,"column":20}},"4":{"start":{"line":10,"column":1},"end":{"line":17,"column":3}},"5":{"start":{"line":11,"column":2},"end":{"line":11,"column":21}},"6":{"start":{"line":13,"column":26},"end":{"line":13,"column":91}},"7":{"start":{"line":14,"column":2},"end":{"line":14,"column":44}},"8":{"start":{"line":16,"column":2},"end":{"line":16,"column":33}},"9":{"start":{"line":20,"column":15},"end":{"line":20,"column":39}},"10":{"start":{"line":22,"column":2},"end":{"line":26,"column":null}},"11":{"start":{"line":23,"column":4},"end":{"line":23,"column":22}},"12":{"start":{"line":25,"column":4},"end":{"line":25,"column":37}},"13":{"start":{"line":19,"column":0},"end":{"line":19,"column":16}},"14":{"start":{"line":30,"column":2},"end":{"line":30,"column":55}},"15":{"start":{"line":32,"column":41},"end":{"line":32,"column":93}},"16":{"start":{"line":36,"column":2},"end":{"line":50,"column":null}},"17":{"start":{"line":36,"column":15},"end":{"line":36,"column":16}},"18":{"start":{"line":37,"column":28},"end":{"line":37,"column":56}},"19":{"start":{"line":39,"column":4},"end":{"line":41,"column":null}},"20":{"start":{"line":40,"column":6},"end":{"line":40,"column":43}},"21":{"start":{"line":43,"column":4},"end":{"line":43,"column":35}},"22":{"start":{"line":44,"column":4},"end":{"line":44,"column":33}},"23":{"start":{"line":45,"column":4},"end":{"line":47,"column":7}},"24":{"start":{"line":46,"column":6},"end":{"line":46,"column":27}},"25":{"start":{"line":49,"column":4},"end":{"line":49,"column":35}},"26":{"start":{"line":29,"column":0},"end":{"line":29,"column":16}},"27":{"start":{"line":54,"column":2},"end":{"line":54,"column":19}},"28":{"start":{"line":55,"column":2},"end":{"line":55,"column":20}},"29":{"start":{"line":53,"column":0},"end":{"line":53,"column":16}},"30":{"start":{"line":59,"column":39},"end":{"line":59,"column":89}},"31":{"start":{"line":61,"column":2},"end":{"line":61,"column":35}},"32":{"start":{"line":63,"column":2},"end":{"line":67,"column":null}},"33":{"start":{"line":64,"column":4},"end":{"line":64,"column":41}},"34":{"start":{"line":66,"column":4},"end":{"line":66,"column":44}},"35":{"start":{"line":58,"column":0},"end":{"line":58,"column":16}},"36":{"start":{"line":71,"column":2},"end":{"line":71,"column":24}},"37":{"start":{"line":72,"column":2},"end":{"line":72,"column":20}},"38":{"start":{"line":70,"column":0},"end":{"line":70,"column":16}},"39":{"start":{"line":75,"column":0},"end":{"line":75,"column":18}}},"fnMap":{"0":{"name":"(anonymous_0)","decl":{"start":{"line":6,"column":65},"end":{"line":6,"column":68}},"loc":{"start":{"line":6,"column":70},"end":{"line":8,"column":1}}},"1":{"name":"(anonymous_1)","decl":{"start":{"line":10,"column":88},"end":{"line":10,"column":89}},"loc":{"start":{"line":10,"column":107},"end":{"line":17,"column":1}}},"2":{"name":"createNewTodo","decl":{"start":{"line":19,"column":16},"end":{"line":19,"column":29}},"loc":{"start":{"line":19,"column":61},"end":{"line":27,"column":1}}},"3":{"name":"createHtml","decl":{"start":{"line":29,"column":16},"end":{"line":29,"column":26}},"loc":{"start":{"line":29,"column":40},"end":{"line":51,"column":1}}},"4":{"name":"(anonymous_4)","decl":{"start":{"line":45,"column":33},"end":{"line":45,"column":36}},"loc":{"start":{"line":45,"column":38},"end":{"line":47,"column":5}}},"5":{"name":"toggleTodo","decl":{"start":{"line":53,"column":16},"end":{"line":53,"column":26}},"loc":{"start":{"line":53,"column":37},"end":{"line":56,"column":1}}},"6":{"name":"displayError","decl":{"start":{"line":58,"column":16},"end":{"line":58,"column":28}},"loc":{"start":{"line":58,"column":57},"end":{"line":68,"column":1}}},"7":{"name":"clearTodos","decl":{"start":{"line":70,"column":16},"end":{"line":70,"column":26}},"loc":{"start":{"line":70,"column":40},"end":{"line":73,"column":1}}}},"branchMap":{"0":{"loc":{"start":{"line":4,"column":31},"end":{"line":4,"column":68}},"type":"binary-expr","locations":[{"start":{"line":4,"column":31},"end":{"line":4,"column":60}},{"start":{"line":4,"column":64},"end":{"line":4,"column":68}}]},"1":{"loc":{"start":{"line":22,"column":2},"end":{"line":26,"column":null}},"type":"if","locations":[{"start":{"line":22,"column":2},"end":{"line":26,"column":null}},{"start":{"line":24,"column":9},"end":{"line":26,"column":null}}]},"2":{"loc":{"start":{"line":39,"column":4},"end":{"line":41,"column":null}},"type":"if","locations":[{"start":{"line":39,"column":4},"end":{"line":41,"column":null}}]},"3":{"loc":{"start":{"line":63,"column":2},"end":{"line":67,"column":null}},"type":"if","locations":[{"start":{"line":63,"column":2},"end":{"line":67,"column":null}},{"start":{"line":65,"column":9},"end":{"line":67,"column":null}}]}},"s":{"0":1,"1":1,"2":1,"3":0,"4":1,"5":0,"6":0,"7":0,"8":0,"9":2,"10":2,"11":1,"12":1,"13":1,"14":15,"15":15,"16":15,"17":15,"18":9,"19":9,"20":0,"21":9,"22":9,"23":9,"24":0,"25":9,"26":1,"27":8,"28":8,"29":1,"30":3,"31":3,"32":3,"33":2,"34":1,"35":1,"36":3,"37":3,"38":1,"39":1},"f":{"0":0,"1":0,"2":2,"3":15,"4":0,"5":8,"6":3,"7":3},"b":{"0":[1,1],"1":[1,1],"2":[0],"3":[2,1]}}
,"C:\\Users\\Alexander\\Documents\\Portfolio\\MEDIEINSTITUTET\\TESTNING\\week1\\testning-inlamning1\\src\\ts\\models\\Todo.ts": {"path":"C:\\Users\\Alexander\\Documents\\Portfolio\\MEDIEINSTITUTET\\TESTNING\\week1\\testning-inlamning1\\src\\ts\\models\\Todo.ts","statementMap":{"0":{"start":{"line":2,"column":21},"end":{"line":2,"column":33}},"1":{"start":{"line":2,"column":42},"end":{"line":2,"column":55}},"2":{"start":{"line":1,"column":0},"end":{"line":1,"column":13}}},"fnMap":{"0":{"name":"(anonymous_0)","decl":{"start":{"line":2,"column":2},"end":{"line":2,"column":21}},"loc":{"start":{"line":2,"column":55},"end":{"line":2,"column":59}}}},"branchMap":{},"s":{"0":13,"1":13,"2":1},"f":{"0":13},"b":{}}
}
