TN:
SF:src\ts\functions.ts
FN:4,addTodo
FN:14,changeTodo
FN:18,removeAllTodos
FNF:3
FNH:3
FNDA:2,addTodo
FNDA:8,changeTodo
FNDA:3,removeAllTodos
DA:2,1
DA:4,1
DA:5,2
DA:6,1
DA:7,1
DA:8,1
DA:10,1
DA:14,1
DA:15,8
DA:18,1
DA:19,3
LF:11
LH:11
BRDA:5,0,0,1
BRDA:5,0,1,1
BRF:2
BRH:2
end_of_record
TN:
SF:src\ts\main.ts
FN:6,(anonymous_0)
FN:10,(anonymous_1)
FN:19,createNewTodo
FN:29,createHtml
FN:45,(anonymous_4)
FN:53,toggleTodo
FN:58,displayError
FN:70,clearTodos
FNF:8
FNH:5
FNDA:0,(anonymous_0)
FNDA:0,(anonymous_1)
FNDA:2,createNewTodo
FNDA:15,createHtml
FNDA:0,(anonymous_4)
FNDA:8,toggleTodo
FNDA:3,displayError
FNDA:3,clearTodos
DA:1,1
DA:4,1
DA:6,1
DA:7,0
DA:10,1
DA:11,0
DA:13,0
DA:14,0
DA:16,0
DA:19,1
DA:20,2
DA:22,2
DA:23,1
DA:25,1
DA:29,1
DA:30,15
DA:32,15
DA:36,15
DA:37,9
DA:39,9
DA:40,0
DA:43,9
DA:44,9
DA:45,9
DA:46,0
DA:49,9
DA:53,1
DA:54,8
DA:55,8
DA:58,1
DA:59,3
DA:61,3
DA:63,3
DA:64,2
DA:66,1
DA:70,1
DA:71,3
DA:72,3
DA:75,1
LF:39
LH:32
BRDA:4,0,0,1
BRDA:4,0,1,1
BRDA:22,1,0,1
BRDA:22,1,1,1
BRDA:39,2,0,0
BRDA:63,3,0,2
BRDA:63,3,1,1
BRF:7
BRH:6
end_of_record
TN:
SF:src\ts\models\Todo.ts
FN:2,(anonymous_0)
FNF:1
FNH:1
FNDA:13,(anonymous_0)
DA:1,1
DA:2,13
LF:2
LH:2
BRF:0
BRH:0
end_of_record
